2025-10-19 09:37:15,614 INFO o.a.j.u.JMeterUtils: Setting Locale to en_EN
2025-10-19 09:37:15,643 INFO o.a.j.JMeter: Copyright (c) 1998-2024 The Apache Software Foundation
2025-10-19 09:37:15,644 INFO o.a.j.JMeter: Version 5.6.3
2025-10-19 09:37:15,644 INFO o.a.j.JMeter: java.version=1.8.0_452
2025-10-19 09:37:15,644 INFO o.a.j.JMeter: java.vm.name=OpenJDK 64-Bit Server VM
2025-10-19 09:37:15,644 INFO o.a.j.JMeter: os.name=Linux
2025-10-19 09:37:15,644 INFO o.a.j.JMeter: os.arch=amd64
2025-10-19 09:37:15,644 INFO o.a.j.JMeter: os.version=6.16.3-76061603-generic
2025-10-19 09:37:15,644 INFO o.a.j.JMeter: file.encoding=UTF-8
2025-10-19 09:37:15,644 INFO o.a.j.JMeter: java.awt.headless=true
2025-10-19 09:37:15,644 INFO o.a.j.JMeter: Max memory     =4294967296
2025-10-19 09:37:15,644 INFO o.a.j.JMeter: Available Processors =8
2025-10-19 09:37:15,651 INFO o.a.j.JMeter: Default Locale=English (EN)
2025-10-19 09:37:15,652 INFO o.a.j.JMeter: JMeter  Locale=English (EN)
2025-10-19 09:37:15,652 INFO o.a.j.JMeter: JMeterHome=/opt/apache-jmeter-5.6.3
2025-10-19 09:37:15,652 INFO o.a.j.JMeter: user.dir  =/opt/apache-jmeter-5.6.3
2025-10-19 09:37:15,653 INFO o.a.j.JMeter: PWD       =/opt/apache-jmeter-5.6.3
2025-10-19 09:37:15,653 INFO o.a.j.JMeter: IP: 172.23.0.2 Name: a15481433452 FullName: a15481433452
2025-10-19 09:37:15,677 INFO o.a.j.JMeter: Setting property 'jmeter.reportgenerator.outputdir' to:'/results/html-report'
2025-10-19 09:37:15,681 INFO o.a.j.s.FileServer: Default base='/opt/apache-jmeter-5.6.3'
2025-10-19 09:37:15,684 INFO o.a.j.s.FileServer: Set new base='/test-plans'
2025-10-19 09:37:15,895 INFO o.a.j.s.SaveService: Testplan (JMX) version: 2.2. Testlog (JTL) version: 2.2
2025-10-19 09:37:15,928 INFO o.a.j.s.SaveService: Using SaveService properties file encoding UTF-8
2025-10-19 09:37:15,937 INFO o.a.j.s.SaveService: Using SaveService properties version 5.0
2025-10-19 09:37:15,949 INFO o.a.j.s.SaveService: Loading file: /test-plans/api-performance.jmx
2025-10-19 09:37:16,618 INFO o.a.j.r.d.ReportGenerator: ReportGenerator will use for Parsing the separator: ','
2025-10-19 09:37:16,618 INFO o.a.j.r.d.ReportGenerator: Will generate report at end of test from  results file: /results/results.jtl
2025-10-19 09:37:16,618 INFO o.a.j.r.d.ReportGenerator: Reading report generator properties from: /opt/apache-jmeter-5.6.3/bin/reportgenerator.properties
2025-10-19 09:37:16,620 INFO o.a.j.r.d.ReportGenerator: Merging with JMeter properties
2025-10-19 09:37:16,630 INFO o.a.j.r.c.ReportGeneratorConfiguration: Property 'jmeter.reportgenerator.temp_dir' not found, using default value 'temp' instead.
2025-10-19 09:37:16,635 INFO o.a.j.r.c.ReportGeneratorConfiguration: Property 'jmeter.reportgenerator.apdex_per_transaction' not found, using default value 'null' instead.
2025-10-19 09:37:16,635 INFO o.a.j.r.c.ReportGeneratorConfiguration: apdex_per_transaction is empty, not APDEX per transaction customization
2025-10-19 09:37:16,635 INFO o.a.j.r.c.ReportGeneratorConfiguration: Property 'jmeter.reportgenerator.sample_filter' not found, using default value 'null' instead.
2025-10-19 09:37:16,636 INFO o.a.j.r.c.ReportGeneratorConfiguration: Property 'jmeter.reportgenerator.report_title' not found, using default value 'null' instead.
2025-10-19 09:37:16,636 INFO o.a.j.r.c.ReportGeneratorConfiguration: Property 'jmeter.reportgenerator.start_date' not found, using default value 'null' instead.
2025-10-19 09:37:16,636 INFO o.a.j.r.c.ReportGeneratorConfiguration: Property 'jmeter.reportgenerator.end_date' not found, using default value 'null' instead.
2025-10-19 09:37:16,636 INFO o.a.j.r.c.ReportGeneratorConfiguration: Property 'jmeter.reportgenerator.date_format' not found, using default value 'null' instead.
2025-10-19 09:37:16,637 INFO o.a.j.r.c.ReportGeneratorConfiguration: Will use date range start date: null, end date: null
2025-10-19 09:37:16,645 INFO o.a.j.r.c.ReportGeneratorConfiguration: Property 'jmeter.reportgenerator.graph.totalTPS.exclude_controllers' not found, using default value 'false' instead.
2025-10-19 09:37:16,646 INFO o.a.j.r.c.ReportGeneratorConfiguration: Property 'jmeter.reportgenerator.graph.activeThreadsOverTime.exclude_controllers' not found, using default value 'false' instead.
2025-10-19 09:37:16,646 INFO o.a.j.r.c.ReportGeneratorConfiguration: Property 'jmeter.reportgenerator.graph.timeVsThreads.exclude_controllers' not found, using default value 'false' instead.
2025-10-19 09:37:16,646 INFO o.a.j.r.c.ReportGeneratorConfiguration: Property 'jmeter.reportgenerator.graph.responseTimeDistribution.exclude_controllers' not found, using default value 'false' instead.
2025-10-19 09:37:16,646 INFO o.a.j.r.c.ReportGeneratorConfiguration: Property 'jmeter.reportgenerator.graph.transactionsPerSecond.exclude_controllers' not found, using default value 'false' instead.
2025-10-19 09:37:16,647 INFO o.a.j.r.c.ReportGeneratorConfiguration: Property 'jmeter.reportgenerator.graph.responseTimePercentiles.exclude_controllers' not found, using default value 'false' instead.
2025-10-19 09:37:16,647 INFO o.a.j.r.c.ReportGeneratorConfiguration: Property 'jmeter.reportgenerator.graph.responseTimePercentilesOverTime.exclude_controllers' not found, using default value 'false' instead.
2025-10-19 09:37:16,647 INFO o.a.j.r.c.ReportGeneratorConfiguration: Property 'jmeter.reportgenerator.graph.responseTimesOverTime.exclude_controllers' not found, using default value 'false' instead.
2025-10-19 09:37:16,647 INFO o.a.j.r.c.ReportGeneratorConfiguration: Property 'jmeter.reportgenerator.graph.connectTimeOverTime.exclude_controllers' not found, using default value 'false' instead.
2025-10-19 09:37:16,648 INFO o.a.j.r.c.ReportGeneratorConfiguration: Property 'jmeter.reportgenerator.graph.latenciesOverTime.exclude_controllers' not found, using default value 'false' instead.
2025-10-19 09:37:16,649 INFO o.a.j.r.c.ReportGeneratorConfiguration: Property 'jmeter.reportgenerator.exporter.json.filters_only_sample_series' not found, using default value 'true' instead.
2025-10-19 09:37:16,650 INFO o.a.j.r.c.ReportGeneratorConfiguration: Property 'jmeter.reportgenerator.exporter.json.series_filter' not found, using default value '' instead.
2025-10-19 09:37:16,650 INFO o.a.j.r.c.ReportGeneratorConfiguration: Property 'jmeter.reportgenerator.exporter.json.show_controllers_only' not found, using default value 'false' instead.
2025-10-19 09:37:16,651 INFO o.a.j.r.c.ReportGeneratorConfiguration: Property 'jmeter.reportgenerator.exporter.html.filters_only_sample_series' not found, using default value 'true' instead.
2025-10-19 09:37:16,651 INFO o.a.j.r.c.ReportGeneratorConfiguration: Property 'jmeter.reportgenerator.exporter.html.series_filter' not found, using default value '' instead.
2025-10-19 09:37:16,651 INFO o.a.j.r.c.ReportGeneratorConfiguration: Property 'jmeter.reportgenerator.exporter.html.show_controllers_only' not found, using default value 'false' instead.
2025-10-19 09:37:16,667 INFO o.a.j.e.StandardJMeterEngine: Running the test!
2025-10-19 09:37:16,669 INFO o.a.j.s.SampleEvent: List of sample_variables: []
2025-10-19 09:37:16,669 INFO o.a.j.s.SampleEvent: List of sample_variables: []
2025-10-19 09:37:17,278 INFO o.a.j.JMeter: Running test (1760866637277)
2025-10-19 09:37:17,397 INFO o.a.j.e.StandardJMeterEngine: Starting ThreadGroup: 1 : Usuarios concurrentes
2025-10-19 09:37:17,398 INFO o.a.j.e.StandardJMeterEngine: Starting 50 threads for group Usuarios concurrentes.
2025-10-19 09:37:17,398 INFO o.a.j.e.StandardJMeterEngine: Thread will continue on error
2025-10-19 09:37:17,398 INFO o.a.j.t.ThreadGroup: Starting thread group... number=1 threads=50 ramp-up=10 delayedStart=false
2025-10-19 09:37:17,413 INFO o.a.j.t.JMeterThread: Thread started: Usuarios concurrentes 1-1
2025-10-19 09:37:17,472 INFO o.a.j.p.h.s.HTTPHCAbstractImpl: Local host = a15481433452
2025-10-19 09:37:17,480 INFO o.a.j.t.ThreadGroup: Started thread group number 1
2025-10-19 09:37:17,480 INFO o.a.j.e.StandardJMeterEngine: All thread groups have been started
2025-10-19 09:37:17,482 INFO o.a.j.p.h.s.HTTPHC4Impl: HTTP request retry count = 0
2025-10-19 09:37:17,485 INFO o.a.j.s.SampleResult: Note: Sample TimeStamps are END times
2025-10-19 09:37:17,485 INFO o.a.j.s.SampleResult: sampleresult.default.encoding is set to UTF-8
2025-10-19 09:37:17,485 INFO o.a.j.s.SampleResult: sampleresult.useNanoTime=true
2025-10-19 09:37:17,485 INFO o.a.j.s.SampleResult: sampleresult.nanoThreadSleep=5000
2025-10-19 09:37:17,605 INFO o.a.j.t.JMeterThread: Thread started: Usuarios concurrentes 1-2
2025-10-19 09:37:17,634 INFO o.a.j.p.h.s.h.LazyLayeredConnectionSocketFactory: Setting up HTTPS TrustAll Socket Factory
2025-10-19 09:37:17,642 INFO o.a.j.u.JsseSSLManager: Using default SSL protocol: TLS
2025-10-19 09:37:17,643 INFO o.a.j.u.JsseSSLManager: SSL session context: per-thread
2025-10-19 09:37:17,802 INFO o.a.j.t.JMeterThread: Thread started: Usuarios concurrentes 1-3
2025-10-19 09:37:17,860 INFO o.a.j.u.SSLManager: JmeterKeyStore Location:  type JKS
2025-10-19 09:37:17,865 INFO o.a.j.u.SSLManager: KeyStore created OK
2025-10-19 09:37:17,865 WARN o.a.j.u.SSLManager: Keystore file not found, loading empty keystore
2025-10-19 09:37:18,002 INFO o.a.j.t.JMeterThread: Thread started: Usuarios concurrentes 1-4
2025-10-19 09:37:18,201 INFO o.a.j.t.JMeterThread: Thread started: Usuarios concurrentes 1-5
2025-10-19 09:37:18,401 INFO o.a.j.t.JMeterThread: Thread started: Usuarios concurrentes 1-6
2025-10-19 09:37:18,602 INFO o.a.j.t.JMeterThread: Thread started: Usuarios concurrentes 1-7
2025-10-19 09:37:18,802 INFO o.a.j.t.JMeterThread: Thread started: Usuarios concurrentes 1-8
2025-10-19 09:37:19,002 INFO o.a.j.t.JMeterThread: Thread started: Usuarios concurrentes 1-9
2025-10-19 09:37:19,203 INFO o.a.j.t.JMeterThread: Thread started: Usuarios concurrentes 1-10
2025-10-19 09:37:19,402 INFO o.a.j.t.JMeterThread: Thread started: Usuarios concurrentes 1-11
2025-10-19 09:37:19,606 INFO o.a.j.t.JMeterThread: Thread started: Usuarios concurrentes 1-12
2025-10-19 09:37:19,805 INFO o.a.j.t.JMeterThread: Thread started: Usuarios concurrentes 1-13
2025-10-19 09:37:20,005 INFO o.a.j.t.JMeterThread: Thread started: Usuarios concurrentes 1-14
2025-10-19 09:37:20,201 INFO o.a.j.t.JMeterThread: Thread started: Usuarios concurrentes 1-15
2025-10-19 09:37:20,401 INFO o.a.j.t.JMeterThread: Thread started: Usuarios concurrentes 1-16
2025-10-19 09:37:20,605 INFO o.a.j.t.JMeterThread: Thread started: Usuarios concurrentes 1-17
2025-10-19 09:37:20,801 INFO o.a.j.t.JMeterThread: Thread started: Usuarios concurrentes 1-18
2025-10-19 09:37:21,002 INFO o.a.j.t.JMeterThread: Thread started: Usuarios concurrentes 1-19
2025-10-19 09:37:21,203 INFO o.a.j.t.JMeterThread: Thread started: Usuarios concurrentes 1-20
2025-10-19 09:37:21,402 INFO o.a.j.t.JMeterThread: Thread started: Usuarios concurrentes 1-21
2025-10-19 09:37:21,601 INFO o.a.j.t.JMeterThread: Thread started: Usuarios concurrentes 1-22
2025-10-19 09:37:21,801 INFO o.a.j.t.JMeterThread: Thread started: Usuarios concurrentes 1-23
2025-10-19 09:37:22,002 INFO o.a.j.t.JMeterThread: Thread started: Usuarios concurrentes 1-24
2025-10-19 09:37:22,202 INFO o.a.j.t.JMeterThread: Thread started: Usuarios concurrentes 1-25
2025-10-19 09:37:22,402 INFO o.a.j.t.JMeterThread: Thread started: Usuarios concurrentes 1-26
2025-10-19 09:37:22,603 INFO o.a.j.t.JMeterThread: Thread started: Usuarios concurrentes 1-27
2025-10-19 09:37:22,802 INFO o.a.j.t.JMeterThread: Thread started: Usuarios concurrentes 1-28
2025-10-19 09:37:23,003 INFO o.a.j.t.JMeterThread: Thread started: Usuarios concurrentes 1-29
2025-10-19 09:37:23,202 INFO o.a.j.t.JMeterThread: Thread started: Usuarios concurrentes 1-30
2025-10-19 09:37:23,400 INFO o.a.j.t.JMeterThread: Thread started: Usuarios concurrentes 1-31
2025-10-19 09:37:23,600 INFO o.a.j.t.JMeterThread: Thread started: Usuarios concurrentes 1-32
2025-10-19 09:37:23,802 INFO o.a.j.t.JMeterThread: Thread started: Usuarios concurrentes 1-33
2025-10-19 09:37:24,002 INFO o.a.j.t.JMeterThread: Thread started: Usuarios concurrentes 1-34
2025-10-19 09:37:24,201 INFO o.a.j.t.JMeterThread: Thread started: Usuarios concurrentes 1-35
2025-10-19 09:37:24,401 INFO o.a.j.t.JMeterThread: Thread started: Usuarios concurrentes 1-36
2025-10-19 09:37:24,600 INFO o.a.j.t.JMeterThread: Thread started: Usuarios concurrentes 1-37
2025-10-19 09:37:24,801 INFO o.a.j.t.JMeterThread: Thread started: Usuarios concurrentes 1-38
2025-10-19 09:37:25,002 INFO o.a.j.t.JMeterThread: Thread started: Usuarios concurrentes 1-39
2025-10-19 09:37:25,200 INFO o.a.j.t.JMeterThread: Thread started: Usuarios concurrentes 1-40
2025-10-19 09:37:25,400 INFO o.a.j.t.JMeterThread: Thread started: Usuarios concurrentes 1-41
2025-10-19 09:37:25,600 INFO o.a.j.t.JMeterThread: Thread started: Usuarios concurrentes 1-42
2025-10-19 09:37:25,801 INFO o.a.j.t.JMeterThread: Thread started: Usuarios concurrentes 1-43
2025-10-19 09:37:26,002 INFO o.a.j.t.JMeterThread: Thread started: Usuarios concurrentes 1-44
2025-10-19 09:37:26,200 INFO o.a.j.t.JMeterThread: Thread started: Usuarios concurrentes 1-45
2025-10-19 09:37:26,401 INFO o.a.j.t.JMeterThread: Thread started: Usuarios concurrentes 1-46
2025-10-19 09:37:26,602 INFO o.a.j.t.JMeterThread: Thread started: Usuarios concurrentes 1-47
2025-10-19 09:37:26,800 INFO o.a.j.t.JMeterThread: Thread started: Usuarios concurrentes 1-48
2025-10-19 09:37:27,001 INFO o.a.j.t.JMeterThread: Thread started: Usuarios concurrentes 1-49
2025-10-19 09:37:27,202 INFO o.a.j.t.JMeterThread: Thread started: Usuarios concurrentes 1-50
2025-10-19 09:37:37,429 INFO o.a.j.t.JMeterThread: Stopping because end time detected by thread: Usuarios concurrentes 1-10
2025-10-19 09:37:37,429 INFO o.a.j.t.JMeterThread: Thread finished: Usuarios concurrentes 1-10
2025-10-19 09:37:37,470 INFO o.a.j.t.JMeterThread: Stopping because end time detected by thread: Usuarios concurrentes 1-24
2025-10-19 09:37:37,471 INFO o.a.j.t.JMeterThread: Thread finished: Usuarios concurrentes 1-24
2025-10-19 09:37:37,482 INFO o.a.j.t.JMeterThread: Stopping because end time detected by thread: Usuarios concurrentes 1-43
2025-10-19 09:37:37,483 INFO o.a.j.t.JMeterThread: Thread finished: Usuarios concurrentes 1-43
2025-10-19 09:37:37,488 INFO o.a.j.t.JMeterThread: Stopping because end time detected by thread: Usuarios concurrentes 1-28
2025-10-19 09:37:37,489 INFO o.a.j.t.JMeterThread: Thread finished: Usuarios concurrentes 1-28
2025-10-19 09:37:37,491 INFO o.a.j.t.JMeterThread: Stopping because end time detected by thread: Usuarios concurrentes 1-42
2025-10-19 09:37:37,492 INFO o.a.j.t.JMeterThread: Thread finished: Usuarios concurrentes 1-42
2025-10-19 09:37:37,543 INFO o.a.j.t.JMeterThread: Stopping because end time detected by thread: Usuarios concurrentes 1-6
2025-10-19 09:37:37,544 INFO o.a.j.t.JMeterThread: Thread finished: Usuarios concurrentes 1-6
2025-10-19 09:37:37,553 INFO o.a.j.t.JMeterThread: Stopping because end time detected by thread: Usuarios concurrentes 1-2
2025-10-19 09:37:37,553 INFO o.a.j.t.JMeterThread: Thread finished: Usuarios concurrentes 1-2
2025-10-19 09:37:37,563 INFO o.a.j.t.JMeterThread: Stopping because end time detected by thread: Usuarios concurrentes 1-48
2025-10-19 09:37:37,563 INFO o.a.j.t.JMeterThread: Thread finished: Usuarios concurrentes 1-48
2025-10-19 09:37:37,588 INFO o.a.j.t.JMeterThread: Stopping because end time detected by thread: Usuarios concurrentes 1-20
2025-10-19 09:37:37,589 INFO o.a.j.t.JMeterThread: Thread finished: Usuarios concurrentes 1-20
2025-10-19 09:37:37,593 INFO o.a.j.t.JMeterThread: Stopping because end time detected by thread: Usuarios concurrentes 1-23
2025-10-19 09:37:37,593 INFO o.a.j.t.JMeterThread: Thread finished: Usuarios concurrentes 1-23
2025-10-19 09:37:37,620 INFO o.a.j.t.JMeterThread: Stopping because end time detected by thread: Usuarios concurrentes 1-36
2025-10-19 09:37:37,620 INFO o.a.j.t.JMeterThread: Thread finished: Usuarios concurrentes 1-36
2025-10-19 09:37:37,657 INFO o.a.j.t.JMeterThread: Stopping because end time detected by thread: Usuarios concurrentes 1-16
2025-10-19 09:37:37,657 INFO o.a.j.t.JMeterThread: Thread finished: Usuarios concurrentes 1-16
2025-10-19 09:37:37,674 INFO o.a.j.t.JMeterThread: Stopping because end time detected by thread: Usuarios concurrentes 1-46
2025-10-19 09:37:37,675 INFO o.a.j.t.JMeterThread: Thread finished: Usuarios concurrentes 1-46
2025-10-19 09:37:37,694 INFO o.a.j.t.JMeterThread: Stopping because end time detected by thread: Usuarios concurrentes 1-32
2025-10-19 09:37:37,694 INFO o.a.j.t.JMeterThread: Thread finished: Usuarios concurrentes 1-32
2025-10-19 09:37:37,726 INFO o.a.j.t.JMeterThread: Stopping because end time detected by thread: Usuarios concurrentes 1-31
2025-10-19 09:37:37,726 INFO o.a.j.t.JMeterThread: Thread finished: Usuarios concurrentes 1-31
2025-10-19 09:37:37,727 INFO o.a.j.t.JMeterThread: Stopping because end time detected by thread: Usuarios concurrentes 1-22
2025-10-19 09:37:37,727 INFO o.a.j.t.JMeterThread: Thread finished: Usuarios concurrentes 1-22
2025-10-19 09:37:37,756 INFO o.a.j.t.JMeterThread: Stopping because end time detected by thread: Usuarios concurrentes 1-12
2025-10-19 09:37:37,756 INFO o.a.j.t.JMeterThread: Thread finished: Usuarios concurrentes 1-12
2025-10-19 09:37:37,775 INFO o.a.j.t.JMeterThread: Stopping because end time detected by thread: Usuarios concurrentes 1-41
2025-10-19 09:37:37,776 INFO o.a.j.t.JMeterThread: Thread finished: Usuarios concurrentes 1-41
2025-10-19 09:37:37,856 INFO o.a.j.t.JMeterThread: Stopping because end time detected by thread: Usuarios concurrentes 1-30
2025-10-19 09:37:37,857 INFO o.a.j.t.JMeterThread: Thread finished: Usuarios concurrentes 1-30
2025-10-19 09:37:37,858 INFO o.a.j.t.JMeterThread: Stopping because end time detected by thread: Usuarios concurrentes 1-5
2025-10-19 09:37:37,858 INFO o.a.j.t.JMeterThread: Thread finished: Usuarios concurrentes 1-5
2025-10-19 09:37:37,917 INFO o.a.j.t.JMeterThread: Stopping because end time detected by thread: Usuarios concurrentes 1-13
2025-10-19 09:37:37,917 INFO o.a.j.t.JMeterThread: Thread finished: Usuarios concurrentes 1-13
2025-10-19 09:37:38,042 INFO o.a.j.t.JMeterThread: Stopping because end time detected by thread: Usuarios concurrentes 1-40
2025-10-19 09:37:38,043 INFO o.a.j.t.JMeterThread: Thread finished: Usuarios concurrentes 1-40
2025-10-19 09:37:38,056 INFO o.a.j.t.JMeterThread: Stopping because end time detected by thread: Usuarios concurrentes 1-26
2025-10-19 09:37:38,056 INFO o.a.j.t.JMeterThread: Thread finished: Usuarios concurrentes 1-26
2025-10-19 09:37:38,064 INFO o.a.j.t.JMeterThread: Stopping because end time detected by thread: Usuarios concurrentes 1-21
2025-10-19 09:37:38,065 INFO o.a.j.t.JMeterThread: Thread finished: Usuarios concurrentes 1-21
2025-10-19 09:37:38,130 INFO o.a.j.t.JMeterThread: Stopping because end time detected by thread: Usuarios concurrentes 1-34
2025-10-19 09:37:38,130 INFO o.a.j.t.JMeterThread: Thread finished: Usuarios concurrentes 1-34
2025-10-19 09:37:38,142 INFO o.a.j.t.JMeterThread: Stopping because end time detected by thread: Usuarios concurrentes 1-37
2025-10-19 09:37:38,142 INFO o.a.j.t.JMeterThread: Thread finished: Usuarios concurrentes 1-37
2025-10-19 09:37:38,165 INFO o.a.j.t.JMeterThread: Stopping because end time detected by thread: Usuarios concurrentes 1-47
2025-10-19 09:37:38,165 INFO o.a.j.t.JMeterThread: Thread finished: Usuarios concurrentes 1-47
2025-10-19 09:37:38,343 INFO o.a.j.t.JMeterThread: Stopping because end time detected by thread: Usuarios concurrentes 1-3
2025-10-19 09:37:38,344 INFO o.a.j.t.JMeterThread: Thread finished: Usuarios concurrentes 1-3
2025-10-19 09:37:38,355 INFO o.a.j.t.JMeterThread: Stopping because end time detected by thread: Usuarios concurrentes 1-45
2025-10-19 09:37:38,355 INFO o.a.j.t.JMeterThread: Thread finished: Usuarios concurrentes 1-45
2025-10-19 09:37:38,370 INFO o.a.j.t.JMeterThread: Stopping because end time detected by thread: Usuarios concurrentes 1-14
2025-10-19 09:37:38,370 INFO o.a.j.t.JMeterThread: Thread finished: Usuarios concurrentes 1-14
2025-10-19 09:37:38,491 INFO o.a.j.t.JMeterThread: Stopping because end time detected by thread: Usuarios concurrentes 1-49
2025-10-19 09:37:38,492 INFO o.a.j.t.JMeterThread: Thread finished: Usuarios concurrentes 1-49
2025-10-19 09:37:38,636 INFO o.a.j.t.JMeterThread: Stopping because end time detected by thread: Usuarios concurrentes 1-29
2025-10-19 09:37:38,636 INFO o.a.j.t.JMeterThread: Thread finished: Usuarios concurrentes 1-29
2025-10-19 09:37:38,661 INFO o.a.j.t.JMeterThread: Stopping because end time detected by thread: Usuarios concurrentes 1-19
2025-10-19 09:37:38,661 INFO o.a.j.t.JMeterThread: Thread finished: Usuarios concurrentes 1-19
2025-10-19 09:37:38,669 INFO o.a.j.t.JMeterThread: Stopping because end time detected by thread: Usuarios concurrentes 1-8
2025-10-19 09:37:38,669 INFO o.a.j.t.JMeterThread: Thread finished: Usuarios concurrentes 1-8
2025-10-19 09:37:38,741 INFO o.a.j.t.JMeterThread: Stopping because end time detected by thread: Usuarios concurrentes 1-50
2025-10-19 09:37:38,741 INFO o.a.j.t.JMeterThread: Thread finished: Usuarios concurrentes 1-50
2025-10-19 09:37:38,793 INFO o.a.j.t.JMeterThread: Stopping because end time detected by thread: Usuarios concurrentes 1-17
2025-10-19 09:37:38,794 INFO o.a.j.t.JMeterThread: Thread finished: Usuarios concurrentes 1-17
2025-10-19 09:37:38,864 INFO o.a.j.t.JMeterThread: Stopping because end time detected by thread: Usuarios concurrentes 1-15
2025-10-19 09:37:38,865 INFO o.a.j.t.JMeterThread: Thread finished: Usuarios concurrentes 1-15
2025-10-19 09:37:38,939 INFO o.a.j.t.JMeterThread: Stopping because end time detected by thread: Usuarios concurrentes 1-4
2025-10-19 09:37:38,939 INFO o.a.j.t.JMeterThread: Thread finished: Usuarios concurrentes 1-4
2025-10-19 09:37:38,969 INFO o.a.j.t.JMeterThread: Stopping because end time detected by thread: Usuarios concurrentes 1-1
2025-10-19 09:37:38,970 INFO o.a.j.t.JMeterThread: Thread finished: Usuarios concurrentes 1-1
2025-10-19 09:37:39,106 INFO o.a.j.t.JMeterThread: Stopping because end time detected by thread: Usuarios concurrentes 1-25
2025-10-19 09:37:39,107 INFO o.a.j.t.JMeterThread: Thread finished: Usuarios concurrentes 1-25
2025-10-19 09:37:39,174 INFO o.a.j.t.JMeterThread: Stopping because end time detected by thread: Usuarios concurrentes 1-44
2025-10-19 09:37:39,174 INFO o.a.j.t.JMeterThread: Thread finished: Usuarios concurrentes 1-44
2025-10-19 09:37:39,351 INFO o.a.j.t.JMeterThread: Stopping because end time detected by thread: Usuarios concurrentes 1-18
2025-10-19 09:37:39,351 INFO o.a.j.t.JMeterThread: Thread finished: Usuarios concurrentes 1-18
2025-10-19 09:37:39,397 INFO o.a.j.t.JMeterThread: Stopping because end time detected by thread: Usuarios concurrentes 1-35
2025-10-19 09:37:39,398 INFO o.a.j.t.JMeterThread: Thread finished: Usuarios concurrentes 1-35
2025-10-19 09:37:39,405 INFO o.a.j.t.JMeterThread: Stopping because end time detected by thread: Usuarios concurrentes 1-7
2025-10-19 09:37:39,405 INFO o.a.j.t.JMeterThread: Thread finished: Usuarios concurrentes 1-7
2025-10-19 09:37:39,522 INFO o.a.j.t.JMeterThread: Stopping because end time detected by thread: Usuarios concurrentes 1-9
2025-10-19 09:37:39,523 INFO o.a.j.t.JMeterThread: Thread finished: Usuarios concurrentes 1-9
2025-10-19 09:37:39,621 INFO o.a.j.t.JMeterThread: Stopping because end time detected by thread: Usuarios concurrentes 1-39
2025-10-19 09:37:39,622 INFO o.a.j.t.JMeterThread: Thread finished: Usuarios concurrentes 1-39
2025-10-19 09:37:39,657 INFO o.a.j.t.JMeterThread: Stopping because end time detected by thread: Usuarios concurrentes 1-11
2025-10-19 09:37:39,657 INFO o.a.j.t.JMeterThread: Thread finished: Usuarios concurrentes 1-11
2025-10-19 09:37:39,686 INFO o.a.j.t.JMeterThread: Stopping because end time detected by thread: Usuarios concurrentes 1-27
2025-10-19 09:37:39,686 INFO o.a.j.t.JMeterThread: Thread finished: Usuarios concurrentes 1-27
2025-10-19 09:37:39,803 INFO o.a.j.t.JMeterThread: Stopping because end time detected by thread: Usuarios concurrentes 1-38
2025-10-19 09:37:39,803 INFO o.a.j.t.JMeterThread: Thread finished: Usuarios concurrentes 1-38
2025-10-19 09:37:40,714 INFO o.a.j.t.JMeterThread: Stopping because end time detected by thread: Usuarios concurrentes 1-33
2025-10-19 09:37:40,715 INFO o.a.j.t.JMeterThread: Thread finished: Usuarios concurrentes 1-33
2025-10-19 09:37:40,716 INFO o.a.j.e.StandardJMeterEngine: Notifying test listeners of end of test
2025-10-19 09:37:40,717 INFO o.a.j.JMeter: Generating Dashboard
2025-10-19 09:37:40,717 INFO o.a.j.r.d.ReportGenerator: Flushing result collector before report Generation
2025-10-19 09:37:40,750 INFO o.a.j.r.p.NormalizerSampleConsumer: Using format, 'ms', to parse timeStamp field
2025-10-19 09:37:41,217 INFO o.a.j.r.p.AbstractSampleConsumer: class org.apache.jmeter.report.processor.AggregateConsumer#stopProducing(): beginDate produced 0 samples
2025-10-19 09:37:41,217 INFO o.a.j.r.p.AbstractSampleConsumer: class org.apache.jmeter.report.processor.AggregateConsumer#stopProducing(): endDate produced 0 samples
2025-10-19 09:37:41,221 INFO o.a.j.r.p.AbstractSampleConsumer: class org.apache.jmeter.report.processor.ApdexSummaryConsumer#stopProducing(): apdexSummary produced 0 samples
2025-10-19 09:37:41,221 INFO o.a.j.r.p.AbstractSampleConsumer: class org.apache.jmeter.report.processor.RequestsSummaryConsumer#stopProducing(): requestsSummary produced 0 samples
2025-10-19 09:37:41,229 INFO o.a.j.r.p.AbstractSampleConsumer: class org.apache.jmeter.report.processor.StatisticsSummaryConsumer#stopProducing(): statisticsSummary produced 0 samples
2025-10-19 09:37:41,234 INFO o.a.j.r.p.AbstractSampleConsumer: class org.apache.jmeter.report.processor.Top5ErrorsBySamplerConsumer#stopProducing(): top5ErrorsBySampler produced 0 samples
2025-10-19 09:37:41,234 INFO o.a.j.r.p.AbstractSampleConsumer: class org.apache.jmeter.report.processor.ErrorsSummaryConsumer#stopProducing(): errorsSummary produced 0 samples
2025-10-19 09:37:41,234 INFO o.a.j.r.p.AbstractSampleConsumer: class org.apache.jmeter.report.processor.graph.impl.HitsPerSecondGraphConsumer#stopProducing(): hitsPerSecond produced 0 samples
2025-10-19 09:37:41,266 INFO o.a.j.r.p.AbstractSampleConsumer: class org.apache.jmeter.report.processor.graph.impl.LatencyVSRequestGraphConsumer#stopProducing(): latencyVsRequest produced 0 samples
2025-10-19 09:37:41,267 INFO o.a.j.r.p.AbstractSampleConsumer: class org.apache.jmeter.report.processor.graph.impl.SyntheticResponseTimeDistributionGraphConsumer#stopProducing(): syntheticResponseTimeDistribution produced 0 samples
2025-10-19 09:37:41,268 INFO o.a.j.r.p.AbstractSampleConsumer: class org.apache.jmeter.report.processor.graph.impl.BytesThroughputGraphConsumer#stopProducing(): bytesThroughputOverTime produced 0 samples
2025-10-19 09:37:41,268 INFO o.a.j.r.p.AbstractSampleConsumer: class org.apache.jmeter.report.processor.graph.impl.CodesPerSecondGraphConsumer#stopProducing(): codesPerSecond produced 0 samples
2025-10-19 09:37:41,277 INFO o.a.j.r.p.AbstractSampleConsumer: class org.apache.jmeter.report.processor.graph.impl.ResponseTimeVSRequestGraphConsumer#stopProducing(): responseTimeVsRequest produced 0 samples
2025-10-19 09:37:41,278 INFO o.a.j.r.p.AbstractSampleConsumer: class org.apache.jmeter.report.processor.FilterConsumer#stopProducing(): startIntervalControlerFilter produced 3710 samples
2025-10-19 09:37:41,278 INFO o.a.j.r.p.AbstractSampleConsumer: class org.apache.jmeter.report.processor.graph.impl.TotalTPSGraphConsumer#stopProducing(): totalTPS produced 0 samples
2025-10-19 09:37:41,278 INFO o.a.j.r.p.AbstractSampleConsumer: class org.apache.jmeter.report.processor.graph.impl.ActiveThreadsGraphConsumer#stopProducing(): activeThreadsOverTime produced 0 samples
2025-10-19 09:37:41,278 INFO o.a.j.r.p.AbstractSampleConsumer: class org.apache.jmeter.report.processor.graph.impl.TimeVSThreadGraphConsumer#stopProducing(): timeVsThreads produced 0 samples
2025-10-19 09:37:41,279 INFO o.a.j.r.p.AbstractSampleConsumer: class org.apache.jmeter.report.processor.graph.impl.ResponseTimeDistributionGraphConsumer#stopProducing(): responseTimeDistribution produced 0 samples
2025-10-19 09:37:41,279 INFO o.a.j.r.p.AbstractSampleConsumer: class org.apache.jmeter.report.processor.graph.impl.TransactionsPerSecondGraphConsumer#stopProducing(): transactionsPerSecond produced 0 samples
2025-10-19 09:37:41,279 INFO o.a.j.r.p.AbstractSampleConsumer: class org.apache.jmeter.report.processor.graph.impl.ResponseTimePercentilesGraphConsumer#stopProducing(): responseTimePercentiles produced 0 samples
2025-10-19 09:37:41,284 INFO o.a.j.r.p.AbstractSampleConsumer: class org.apache.jmeter.report.processor.graph.impl.ResponseTimePercentilesOverTimeGraphConsumer#stopProducing(): responseTimePercentilesOverTime produced 0 samples
2025-10-19 09:37:41,285 INFO o.a.j.r.p.AbstractSampleConsumer: class org.apache.jmeter.report.processor.graph.impl.ResponseTimeOverTimeGraphConsumer#stopProducing(): responseTimesOverTime produced 0 samples
2025-10-19 09:37:41,285 INFO o.a.j.r.p.AbstractSampleConsumer: class org.apache.jmeter.report.processor.graph.impl.ConnectTimeOverTimeGraphConsumer#stopProducing(): connectTimeOverTime produced 0 samples
2025-10-19 09:37:41,285 INFO o.a.j.r.p.AbstractSampleConsumer: class org.apache.jmeter.report.processor.graph.impl.LatencyOverTimeGraphConsumer#stopProducing(): latenciesOverTime produced 0 samples
2025-10-19 09:37:41,285 INFO o.a.j.r.p.AbstractSampleConsumer: class org.apache.jmeter.report.processor.FilterConsumer#stopProducing(): nameFilter produced 7950 samples
2025-10-19 09:37:41,285 INFO o.a.j.r.p.AbstractSampleConsumer: class org.apache.jmeter.report.processor.FilterConsumer#stopProducing(): dateRangeFilter produced 1590 samples
2025-10-19 09:37:41,285 INFO o.a.j.r.p.AbstractSampleConsumer: class org.apache.jmeter.report.processor.NormalizerSampleConsumer#stopProducing(): normalizer produced 530 samples
2025-10-19 09:37:41,286 INFO o.a.j.r.p.CsvFileSampleSource: produce(): 530 samples produced in 286ms on channel 0
2025-10-19 09:37:41,286 INFO o.a.j.r.d.ReportGenerator: Exporting data using exporter:'json' of className:'org.apache.jmeter.report.dashboard.JsonExporter'
2025-10-19 09:37:41,408 INFO o.a.j.r.d.JsonExporter: Found data for consumer statisticsSummary in context
2025-10-19 09:37:41,409 INFO o.a.j.r.d.JsonExporter: Creating statistics for overall
2025-10-19 09:37:41,409 INFO o.a.j.r.d.JsonExporter: Creating statistics for other transactions
2025-10-19 09:37:41,410 INFO o.a.j.r.d.JsonExporter: Checking output folder
2025-10-19 09:37:41,410 INFO o.a.j.r.d.JsonExporter: Writing statistics JSON to /results/html-report/statistics.json
2025-10-19 09:37:41,470 INFO o.a.j.r.d.ReportGenerator: Exporting data using exporter:'html' of className:'org.apache.jmeter.report.dashboard.HtmlTemplateExporter'
2025-10-19 09:37:41,473 INFO o.a.j.r.d.HtmlTemplateExporter: Will generate dashboard in folder: /results/html-report
2025-10-19 09:37:41,629 INFO o.a.j.r.d.HtmlTemplateExporter: Report will be generated in: /results/html-report, creating folder structure
2025-10-19 09:37:41,632 INFO o.a.j.r.d.TemplateVisitor: Copying folder from '/opt/apache-jmeter-5.6.3/bin/report-template' to '/results/html-report', got message: /results/html-report, found non empty folder with following content [/results/html-report/statistics.json], will be ignored
2025-10-19 09:37:41,889 INFO o.a.j.JMeter: Dashboard generated
